15:34:54,506 DEBUG freemarker.cache<strong>{1}</strong>:45 - Couldn't find template in cache for "index.ftl"("en", UTF-8, parsed); will try to load it.
15:34:54,510 DEBUG freemarker.cache<strong>{1}</strong>:45 - TemplateLoader.findTemplateSource("index_en.ftl"): Not found
15:34:54,513 DEBUG freemarker.cache<strong>{1}</strong>:45 - TemplateLoader.findTemplateSource("index.ftl"): Found
15:34:54,514 DEBUG freemarker.cache<strong>{1}</strong>:45 - Loading template for "index.ftl"("en", UTF-8, parsed) from "jar:file:/C:/Users/pranitha.aileni/.m2/repository/com/aventstack/extentreports/3.1.5/extentreports-3.1.5.jar!/com/aventstack/extentreports/view/html-report/index.ftl"
15:34:54,791 DEBUG freemarker.cache<strong>{1}</strong>:45 - Couldn't find template in cache for "head.ftl"("en", UTF-8, parsed); will try to load it.
15:34:54,791 DEBUG freemarker.cache<strong>{1}</strong>:45 - TemplateLoader.findTemplateSource("head_en.ftl"): Not found
15:34:54,792 DEBUG freemarker.cache<strong>{1}</strong>:45 - TemplateLoader.findTemplateSource("head.ftl"): Found
15:34:54,792 DEBUG freemarker.cache<strong>{1}</strong>:45 - Loading template for "head.ftl"("en", UTF-8, parsed) from "jar:file:/C:/Users/pranitha.aileni/.m2/repository/com/aventstack/extentreports/3.1.5/extentreports-3.1.5.jar!/com/aventstack/extentreports/view/html-report/head.ftl"
15:34:54,796 DEBUG freemarker.cache<strong>{1}</strong>:45 - Couldn't find template in cache for "nav.ftl"("en", UTF-8, parsed); will try to load it.
15:34:54,797 DEBUG freemarker.cache<strong>{1}</strong>:45 - TemplateLoader.findTemplateSource("nav_en.ftl"): Not found
15:34:54,798 DEBUG freemarker.cache<strong>{1}</strong>:45 - TemplateLoader.findTemplateSource("nav.ftl"): Found
15:34:54,798 DEBUG freemarker.cache<strong>{1}</strong>:45 - Loading template for "nav.ftl"("en", UTF-8, parsed) from "jar:file:/C:/Users/pranitha.aileni/.m2/repository/com/aventstack/extentreports/3.1.5/extentreports-3.1.5.jar!/com/aventstack/extentreports/view/html-report/nav.ftl"
15:34:54,807 DEBUG freemarker.cache<strong>{1}</strong>:45 - Couldn't find template in cache for "test-view/test-view.ftl"("en", UTF-8, parsed); will try to load it.
15:34:54,807 DEBUG freemarker.cache<strong>{1}</strong>:45 - TemplateLoader.findTemplateSource("test-view/test-view_en.ftl"): Not found
15:34:54,808 DEBUG freemarker.cache<strong>{1}</strong>:45 - TemplateLoader.findTemplateSource("test-view/test-view.ftl"): Found
15:34:54,808 DEBUG freemarker.cache<strong>{1}</strong>:45 - Loading template for "test-view/test-view.ftl"("en", UTF-8, parsed) from "jar:file:/C:/Users/pranitha.aileni/.m2/repository/com/aventstack/extentreports/3.1.5/extentreports-3.1.5.jar!/com/aventstack/extentreports/view/html-report/test-view/test-view.ftl"
15:34:54,830 DEBUG freemarker.cache<strong>{1}</strong>:45 - Couldn't find template in cache for "test-view/standard.ftl"("en", UTF-8, parsed); will try to load it.
15:34:54,831 DEBUG freemarker.cache<strong>{1}</strong>:45 - TemplateLoader.findTemplateSource("test-view/standard_en.ftl"): Not found
15:34:54,832 DEBUG freemarker.cache<strong>{1}</strong>:45 - TemplateLoader.findTemplateSource("test-view/standard.ftl"): Found
15:34:54,832 DEBUG freemarker.cache<strong>{1}</strong>:45 - Loading template for "test-view/standard.ftl"("en", UTF-8, parsed) from "jar:file:/C:/Users/pranitha.aileni/.m2/repository/com/aventstack/extentreports/3.1.5/extentreports-3.1.5.jar!/com/aventstack/extentreports/view/html-report/test-view/standard.ftl"
15:34:54,867 DEBUG freemarker.cache<strong>{1}</strong>:45 - Couldn't find template in cache for "test-view/test-view-charts.ftl"("en", UTF-8, parsed); will try to load it.
15:34:54,867 DEBUG freemarker.cache<strong>{1}</strong>:45 - TemplateLoader.findTemplateSource("test-view/test-view-charts_en.ftl"): Not found
15:34:54,868 DEBUG freemarker.cache<strong>{1}</strong>:45 - TemplateLoader.findTemplateSource("test-view/test-view-charts.ftl"): Found
15:34:54,868 DEBUG freemarker.cache<strong>{1}</strong>:45 - Loading template for "test-view/test-view-charts.ftl"("en", UTF-8, parsed) from "jar:file:/C:/Users/pranitha.aileni/.m2/repository/com/aventstack/extentreports/3.1.5/extentreports-3.1.5.jar!/com/aventstack/extentreports/view/html-report/test-view/test-view-charts.ftl"
15:34:54,874 DEBUG freemarker.cache<strong>{1}</strong>:45 - Couldn't find template in cache for "category-view/category-view.ftl"("en", UTF-8, parsed); will try to load it.
15:34:54,875 DEBUG freemarker.cache<strong>{1}</strong>:45 - TemplateLoader.findTemplateSource("category-view/category-view_en.ftl"): Not found
15:34:54,875 DEBUG freemarker.cache<strong>{1}</strong>:45 - TemplateLoader.findTemplateSource("category-view/category-view.ftl"): Found
15:34:54,876 DEBUG freemarker.cache<strong>{1}</strong>:45 - Loading template for "category-view/category-view.ftl"("en", UTF-8, parsed) from "jar:file:/C:/Users/pranitha.aileni/.m2/repository/com/aventstack/extentreports/3.1.5/extentreports-3.1.5.jar!/com/aventstack/extentreports/view/html-report/category-view/category-view.ftl"
15:34:54,881 DEBUG freemarker.cache<strong>{1}</strong>:45 - Couldn't find template in cache for "author-view/author-view.ftl"("en", UTF-8, parsed); will try to load it.
15:34:54,881 DEBUG freemarker.cache<strong>{1}</strong>:45 - TemplateLoader.findTemplateSource("author-view/author-view_en.ftl"): Not found
15:34:54,882 DEBUG freemarker.cache<strong>{1}</strong>:45 - TemplateLoader.findTemplateSource("author-view/author-view.ftl"): Found
15:34:54,882 DEBUG freemarker.cache<strong>{1}</strong>:45 - Loading template for "author-view/author-view.ftl"("en", UTF-8, parsed) from "jar:file:/C:/Users/pranitha.aileni/.m2/repository/com/aventstack/extentreports/3.1.5/extentreports-3.1.5.jar!/com/aventstack/extentreports/view/html-report/author-view/author-view.ftl"
15:34:54,887 DEBUG freemarker.cache<strong>{1}</strong>:45 - Couldn't find template in cache for "exception-view/exception-view.ftl"("en", UTF-8, parsed); will try to load it.
15:34:54,888 DEBUG freemarker.cache<strong>{1}</strong>:45 - TemplateLoader.findTemplateSource("exception-view/exception-view_en.ftl"): Not found
15:34:54,888 DEBUG freemarker.cache<strong>{1}</strong>:45 - TemplateLoader.findTemplateSource("exception-view/exception-view.ftl"): Found
15:34:54,889 DEBUG freemarker.cache<strong>{1}</strong>:45 - Loading template for "exception-view/exception-view.ftl"("en", UTF-8, parsed) from "jar:file:/C:/Users/pranitha.aileni/.m2/repository/com/aventstack/extentreports/3.1.5/extentreports-3.1.5.jar!/com/aventstack/extentreports/view/html-report/exception-view/exception-view.ftl"
15:34:54,894 DEBUG freemarker.cache<strong>{1}</strong>:45 - Couldn't find template in cache for "dashboard-view/dashboard-view.ftl"("en", UTF-8, parsed); will try to load it.
15:34:54,894 DEBUG freemarker.cache<strong>{1}</strong>:45 - TemplateLoader.findTemplateSource("dashboard-view/dashboard-view_en.ftl"): Not found
15:34:54,895 DEBUG freemarker.cache<strong>{1}</strong>:45 - TemplateLoader.findTemplateSource("dashboard-view/dashboard-view.ftl"): Found
15:34:54,895 DEBUG freemarker.cache<strong>{1}</strong>:45 - Loading template for "dashboard-view/dashboard-view.ftl"("en", UTF-8, parsed) from "jar:file:/C:/Users/pranitha.aileni/.m2/repository/com/aventstack/extentreports/3.1.5/extentreports-3.1.5.jar!/com/aventstack/extentreports/view/html-report/dashboard-view/dashboard-view.ftl"
15:34:54,903 DEBUG freemarker.cache<strong>{1}</strong>:45 - Couldn't find template in cache for "logs-view/testrunner-logs-view.ftl"("en", UTF-8, parsed); will try to load it.
15:34:54,903 DEBUG freemarker.cache<strong>{1}</strong>:45 - TemplateLoader.findTemplateSource("logs-view/testrunner-logs-view_en.ftl"): Not found
15:34:54,905 DEBUG freemarker.cache<strong>{1}</strong>:45 - TemplateLoader.findTemplateSource("logs-view/testrunner-logs-view.ftl"): Found
15:34:54,905 DEBUG freemarker.cache<strong>{1}</strong>:45 - Loading template for "logs-view/testrunner-logs-view.ftl"("en", UTF-8, parsed) from "jar:file:/C:/Users/pranitha.aileni/.m2/repository/com/aventstack/extentreports/3.1.5/extentreports-3.1.5.jar!/com/aventstack/extentreports/view/html-report/logs-view/testrunner-logs-view.ftl"
15:34:54,946 DEBUG freemarker.cache<strong>{1}</strong>:45 - Couldn't find template in cache for "index.ftl"("en", UTF-8, parsed); will try to load it.
15:34:54,946 DEBUG freemarker.cache<strong>{1}</strong>:45 - TemplateLoader.findTemplateSource("index_en.ftl"): Not found
15:34:54,947 DEBUG freemarker.cache<strong>{1}</strong>:45 - TemplateLoader.findTemplateSource("index.ftl"): Found
15:34:54,947 DEBUG freemarker.cache<strong>{1}</strong>:45 - Loading template for "index.ftl"("en", UTF-8, parsed) from "jar:file:/C:/Users/pranitha.aileni/.m2/repository/com/aventstack/extentreports/3.1.5/extentreports-3.1.5.jar!/com/aventstack/extentreports/view/html-report/index.ftl"
15:34:54,981 DEBUG freemarker.cache<strong>{1}</strong>:45 - Couldn't find template in cache for "head.ftl"("en", UTF-8, parsed); will try to load it.
15:34:54,982 DEBUG freemarker.cache<strong>{1}</strong>:45 - TemplateLoader.findTemplateSource("head_en.ftl"): Not found
15:34:54,982 DEBUG freemarker.cache<strong>{1}</strong>:45 - TemplateLoader.findTemplateSource("head.ftl"): Found
15:34:54,982 DEBUG freemarker.cache<strong>{1}</strong>:45 - Loading template for "head.ftl"("en", UTF-8, parsed) from "jar:file:/C:/Users/pranitha.aileni/.m2/repository/com/aventstack/extentreports/3.1.5/extentreports-3.1.5.jar!/com/aventstack/extentreports/view/html-report/head.ftl"
15:34:54,987 DEBUG freemarker.cache<strong>{1}</strong>:45 - Couldn't find template in cache for "nav.ftl"("en", UTF-8, parsed); will try to load it.
15:34:54,988 DEBUG freemarker.cache<strong>{1}</strong>:45 - TemplateLoader.findTemplateSource("nav_en.ftl"): Not found
15:34:54,988 DEBUG freemarker.cache<strong>{1}</strong>:45 - TemplateLoader.findTemplateSource("nav.ftl"): Found
15:34:54,988 DEBUG freemarker.cache<strong>{1}</strong>:45 - Loading template for "nav.ftl"("en", UTF-8, parsed) from "jar:file:/C:/Users/pranitha.aileni/.m2/repository/com/aventstack/extentreports/3.1.5/extentreports-3.1.5.jar!/com/aventstack/extentreports/view/html-report/nav.ftl"
15:34:54,992 DEBUG freemarker.cache<strong>{1}</strong>:45 - Couldn't find template in cache for "test-view/test-view.ftl"("en", UTF-8, parsed); will try to load it.
15:34:54,993 DEBUG freemarker.cache<strong>{1}</strong>:45 - TemplateLoader.findTemplateSource("test-view/test-view_en.ftl"): Not found
15:34:54,994 DEBUG freemarker.cache<strong>{1}</strong>:45 - TemplateLoader.findTemplateSource("test-view/test-view.ftl"): Found
15:34:54,994 DEBUG freemarker.cache<strong>{1}</strong>:45 - Loading template for "test-view/test-view.ftl"("en", UTF-8, parsed) from "jar:file:/C:/Users/pranitha.aileni/.m2/repository/com/aventstack/extentreports/3.1.5/extentreports-3.1.5.jar!/com/aventstack/extentreports/view/html-report/test-view/test-view.ftl"
15:34:55,001 DEBUG freemarker.cache<strong>{1}</strong>:45 - Couldn't find template in cache for "test-view/standard.ftl"("en", UTF-8, parsed); will try to load it.
15:34:55,002 DEBUG freemarker.cache<strong>{1}</strong>:45 - TemplateLoader.findTemplateSource("test-view/standard_en.ftl"): Not found
15:34:55,002 DEBUG freemarker.cache<strong>{1}</strong>:45 - TemplateLoader.findTemplateSource("test-view/standard.ftl"): Found
15:34:55,003 DEBUG freemarker.cache<strong>{1}</strong>:45 - Loading template for "test-view/standard.ftl"("en", UTF-8, parsed) from "jar:file:/C:/Users/pranitha.aileni/.m2/repository/com/aventstack/extentreports/3.1.5/extentreports-3.1.5.jar!/com/aventstack/extentreports/view/html-report/test-view/standard.ftl"
15:34:55,016 DEBUG freemarker.cache<strong>{1}</strong>:45 - "test-view/standard.ftl"("en", UTF-8, parsed) cached copy not yet stale; using cached.
15:34:55,023 DEBUG freemarker.cache<strong>{1}</strong>:45 - Couldn't find template in cache for "test-view/test-view-charts.ftl"("en", UTF-8, parsed); will try to load it.
15:34:55,024 DEBUG freemarker.cache<strong>{1}</strong>:45 - TemplateLoader.findTemplateSource("test-view/test-view-charts_en.ftl"): Not found
15:34:55,024 DEBUG freemarker.cache<strong>{1}</strong>:45 - TemplateLoader.findTemplateSource("test-view/test-view-charts.ftl"): Found
15:34:55,024 DEBUG freemarker.cache<strong>{1}</strong>:45 - Loading template for "test-view/test-view-charts.ftl"("en", UTF-8, parsed) from "jar:file:/C:/Users/pranitha.aileni/.m2/repository/com/aventstack/extentreports/3.1.5/extentreports-3.1.5.jar!/com/aventstack/extentreports/view/html-report/test-view/test-view-charts.ftl"
15:34:55,030 DEBUG freemarker.cache<strong>{1}</strong>:45 - Couldn't find template in cache for "category-view/category-view.ftl"("en", UTF-8, parsed); will try to load it.
15:34:55,031 DEBUG freemarker.cache<strong>{1}</strong>:45 - TemplateLoader.findTemplateSource("category-view/category-view_en.ftl"): Not found
15:34:55,031 DEBUG freemarker.cache<strong>{1}</strong>:45 - TemplateLoader.findTemplateSource("category-view/category-view.ftl"): Found
15:34:55,031 DEBUG freemarker.cache<strong>{1}</strong>:45 - Loading template for "category-view/category-view.ftl"("en", UTF-8, parsed) from "jar:file:/C:/Users/pranitha.aileni/.m2/repository/com/aventstack/extentreports/3.1.5/extentreports-3.1.5.jar!/com/aventstack/extentreports/view/html-report/category-view/category-view.ftl"
15:34:55,035 DEBUG freemarker.cache<strong>{1}</strong>:45 - Couldn't find template in cache for "author-view/author-view.ftl"("en", UTF-8, parsed); will try to load it.
15:34:55,036 DEBUG freemarker.cache<strong>{1}</strong>:45 - TemplateLoader.findTemplateSource("author-view/author-view_en.ftl"): Not found
15:34:55,036 DEBUG freemarker.cache<strong>{1}</strong>:45 - TemplateLoader.findTemplateSource("author-view/author-view.ftl"): Found
15:34:55,036 DEBUG freemarker.cache<strong>{1}</strong>:45 - Loading template for "author-view/author-view.ftl"("en", UTF-8, parsed) from "jar:file:/C:/Users/pranitha.aileni/.m2/repository/com/aventstack/extentreports/3.1.5/extentreports-3.1.5.jar!/com/aventstack/extentreports/view/html-report/author-view/author-view.ftl"
15:34:55,040 DEBUG freemarker.cache<strong>{1}</strong>:45 - Couldn't find template in cache for "exception-view/exception-view.ftl"("en", UTF-8, parsed); will try to load it.
15:34:55,041 DEBUG freemarker.cache<strong>{1}</strong>:45 - TemplateLoader.findTemplateSource("exception-view/exception-view_en.ftl"): Not found
15:34:55,041 DEBUG freemarker.cache<strong>{1}</strong>:45 - TemplateLoader.findTemplateSource("exception-view/exception-view.ftl"): Found
15:34:55,041 DEBUG freemarker.cache<strong>{1}</strong>:45 - Loading template for "exception-view/exception-view.ftl"("en", UTF-8, parsed) from "jar:file:/C:/Users/pranitha.aileni/.m2/repository/com/aventstack/extentreports/3.1.5/extentreports-3.1.5.jar!/com/aventstack/extentreports/view/html-report/exception-view/exception-view.ftl"
15:34:55,045 DEBUG freemarker.cache<strong>{1}</strong>:45 - Couldn't find template in cache for "dashboard-view/dashboard-view.ftl"("en", UTF-8, parsed); will try to load it.
15:34:55,046 DEBUG freemarker.cache<strong>{1}</strong>:45 - TemplateLoader.findTemplateSource("dashboard-view/dashboard-view_en.ftl"): Not found
15:34:55,046 DEBUG freemarker.cache<strong>{1}</strong>:45 - TemplateLoader.findTemplateSource("dashboard-view/dashboard-view.ftl"): Found
15:34:55,046 DEBUG freemarker.cache<strong>{1}</strong>:45 - Loading template for "dashboard-view/dashboard-view.ftl"("en", UTF-8, parsed) from "jar:file:/C:/Users/pranitha.aileni/.m2/repository/com/aventstack/extentreports/3.1.5/extentreports-3.1.5.jar!/com/aventstack/extentreports/view/html-report/dashboard-view/dashboard-view.ftl"
15:34:55,050 DEBUG freemarker.cache<strong>{1}</strong>:45 - Couldn't find template in cache for "logs-view/testrunner-logs-view.ftl"("en", UTF-8, parsed); will try to load it.
15:34:55,051 DEBUG freemarker.cache<strong>{1}</strong>:45 - TemplateLoader.findTemplateSource("logs-view/testrunner-logs-view_en.ftl"): Not found
15:34:55,051 DEBUG freemarker.cache<strong>{1}</strong>:45 - TemplateLoader.findTemplateSource("logs-view/testrunner-logs-view.ftl"): Found
15:34:55,051 DEBUG freemarker.cache<strong>{1}</strong>:45 - Loading template for "logs-view/testrunner-logs-view.ftl"("en", UTF-8, parsed) from "jar:file:/C:/Users/pranitha.aileni/.m2/repository/com/aventstack/extentreports/3.1.5/extentreports-3.1.5.jar!/com/aventstack/extentreports/view/html-report/logs-view/testrunner-logs-view.ftl"
15:34:55,092 DEBUG freemarker.cache<strong>{1}</strong>:45 - Couldn't find template in cache for "index.ftl"("en", UTF-8, parsed); will try to load it.
15:34:55,093 DEBUG freemarker.cache<strong>{1}</strong>:45 - TemplateLoader.findTemplateSource("index_en.ftl"): Not found
15:34:55,094 DEBUG freemarker.cache<strong>{1}</strong>:45 - TemplateLoader.findTemplateSource("index.ftl"): Found
15:34:55,094 DEBUG freemarker.cache<strong>{1}</strong>:45 - Loading template for "index.ftl"("en", UTF-8, parsed) from "jar:file:/C:/Users/pranitha.aileni/.m2/repository/com/aventstack/extentreports/3.1.5/extentreports-3.1.5.jar!/com/aventstack/extentreports/view/html-report/index.ftl"
15:34:55,098 DEBUG freemarker.cache<strong>{1}</strong>:45 - Couldn't find template in cache for "head.ftl"("en", UTF-8, parsed); will try to load it.
15:34:55,099 DEBUG freemarker.cache<strong>{1}</strong>:45 - TemplateLoader.findTemplateSource("head_en.ftl"): Not found
15:34:55,099 DEBUG freemarker.cache<strong>{1}</strong>:45 - TemplateLoader.findTemplateSource("head.ftl"): Found
15:34:55,100 DEBUG freemarker.cache<strong>{1}</strong>:45 - Loading template for "head.ftl"("en", UTF-8, parsed) from "jar:file:/C:/Users/pranitha.aileni/.m2/repository/com/aventstack/extentreports/3.1.5/extentreports-3.1.5.jar!/com/aventstack/extentreports/view/html-report/head.ftl"
15:34:55,102 DEBUG freemarker.cache<strong>{1}</strong>:45 - Couldn't find template in cache for "nav.ftl"("en", UTF-8, parsed); will try to load it.
15:34:55,102 DEBUG freemarker.cache<strong>{1}</strong>:45 - TemplateLoader.findTemplateSource("nav_en.ftl"): Not found
15:34:55,103 DEBUG freemarker.cache<strong>{1}</strong>:45 - TemplateLoader.findTemplateSource("nav.ftl"): Found
15:34:55,103 DEBUG freemarker.cache<strong>{1}</strong>:45 - Loading template for "nav.ftl"("en", UTF-8, parsed) from "jar:file:/C:/Users/pranitha.aileni/.m2/repository/com/aventstack/extentreports/3.1.5/extentreports-3.1.5.jar!/com/aventstack/extentreports/view/html-report/nav.ftl"
15:34:55,106 DEBUG freemarker.cache<strong>{1}</strong>:45 - Couldn't find template in cache for "test-view/test-view.ftl"("en", UTF-8, parsed); will try to load it.
15:34:55,106 DEBUG freemarker.cache<strong>{1}</strong>:45 - TemplateLoader.findTemplateSource("test-view/test-view_en.ftl"): Not found
15:34:55,107 DEBUG freemarker.cache<strong>{1}</strong>:45 - TemplateLoader.findTemplateSource("test-view/test-view.ftl"): Found
15:34:55,107 DEBUG freemarker.cache<strong>{1}</strong>:45 - Loading template for "test-view/test-view.ftl"("en", UTF-8, parsed) from "jar:file:/C:/Users/pranitha.aileni/.m2/repository/com/aventstack/extentreports/3.1.5/extentreports-3.1.5.jar!/com/aventstack/extentreports/view/html-report/test-view/test-view.ftl"
15:34:55,114 DEBUG freemarker.cache<strong>{1}</strong>:45 - Couldn't find template in cache for "test-view/standard.ftl"("en", UTF-8, parsed); will try to load it.
15:34:55,114 DEBUG freemarker.cache<strong>{1}</strong>:45 - TemplateLoader.findTemplateSource("test-view/standard_en.ftl"): Not found
15:34:55,115 DEBUG freemarker.cache<strong>{1}</strong>:45 - TemplateLoader.findTemplateSource("test-view/standard.ftl"): Found
15:34:55,115 DEBUG freemarker.cache<strong>{1}</strong>:45 - Loading template for "test-view/standard.ftl"("en", UTF-8, parsed) from "jar:file:/C:/Users/pranitha.aileni/.m2/repository/com/aventstack/extentreports/3.1.5/extentreports-3.1.5.jar!/com/aventstack/extentreports/view/html-report/test-view/standard.ftl"
15:34:55,124 DEBUG freemarker.cache<strong>{1}</strong>:45 - "test-view/standard.ftl"("en", UTF-8, parsed) cached copy not yet stale; using cached.
15:34:55,125 DEBUG freemarker.cache<strong>{1}</strong>:45 - "test-view/standard.ftl"("en", UTF-8, parsed) cached copy not yet stale; using cached.
15:34:55,126 DEBUG freemarker.cache<strong>{1}</strong>:45 - Couldn't find template in cache for "test-view/test-view-charts.ftl"("en", UTF-8, parsed); will try to load it.
15:34:55,126 DEBUG freemarker.cache<strong>{1}</strong>:45 - TemplateLoader.findTemplateSource("test-view/test-view-charts_en.ftl"): Not found
15:34:55,127 DEBUG freemarker.cache<strong>{1}</strong>:45 - TemplateLoader.findTemplateSource("test-view/test-view-charts.ftl"): Found
15:34:55,127 DEBUG freemarker.cache<strong>{1}</strong>:45 - Loading template for "test-view/test-view-charts.ftl"("en", UTF-8, parsed) from "jar:file:/C:/Users/pranitha.aileni/.m2/repository/com/aventstack/extentreports/3.1.5/extentreports-3.1.5.jar!/com/aventstack/extentreports/view/html-report/test-view/test-view-charts.ftl"
15:34:55,130 DEBUG freemarker.cache<strong>{1}</strong>:45 - Couldn't find template in cache for "category-view/category-view.ftl"("en", UTF-8, parsed); will try to load it.
15:34:55,131 DEBUG freemarker.cache<strong>{1}</strong>:45 - TemplateLoader.findTemplateSource("category-view/category-view_en.ftl"): Not found
15:34:55,131 DEBUG freemarker.cache<strong>{1}</strong>:45 - TemplateLoader.findTemplateSource("category-view/category-view.ftl"): Found
15:34:55,131 DEBUG freemarker.cache<strong>{1}</strong>:45 - Loading template for "category-view/category-view.ftl"("en", UTF-8, parsed) from "jar:file:/C:/Users/pranitha.aileni/.m2/repository/com/aventstack/extentreports/3.1.5/extentreports-3.1.5.jar!/com/aventstack/extentreports/view/html-report/category-view/category-view.ftl"
15:34:55,134 DEBUG freemarker.cache<strong>{1}</strong>:45 - Couldn't find template in cache for "author-view/author-view.ftl"("en", UTF-8, parsed); will try to load it.
15:34:55,135 DEBUG freemarker.cache<strong>{1}</strong>:45 - TemplateLoader.findTemplateSource("author-view/author-view_en.ftl"): Not found
15:34:55,135 DEBUG freemarker.cache<strong>{1}</strong>:45 - TemplateLoader.findTemplateSource("author-view/author-view.ftl"): Found
15:34:55,135 DEBUG freemarker.cache<strong>{1}</strong>:45 - Loading template for "author-view/author-view.ftl"("en", UTF-8, parsed) from "jar:file:/C:/Users/pranitha.aileni/.m2/repository/com/aventstack/extentreports/3.1.5/extentreports-3.1.5.jar!/com/aventstack/extentreports/view/html-report/author-view/author-view.ftl"
15:34:55,138 DEBUG freemarker.cache<strong>{1}</strong>:45 - Couldn't find template in cache for "exception-view/exception-view.ftl"("en", UTF-8, parsed); will try to load it.
15:34:55,139 DEBUG freemarker.cache<strong>{1}</strong>:45 - TemplateLoader.findTemplateSource("exception-view/exception-view_en.ftl"): Not found
15:34:55,139 DEBUG freemarker.cache<strong>{1}</strong>:45 - TemplateLoader.findTemplateSource("exception-view/exception-view.ftl"): Found
15:34:55,139 DEBUG freemarker.cache<strong>{1}</strong>:45 - Loading template for "exception-view/exception-view.ftl"("en", UTF-8, parsed) from "jar:file:/C:/Users/pranitha.aileni/.m2/repository/com/aventstack/extentreports/3.1.5/extentreports-3.1.5.jar!/com/aventstack/extentreports/view/html-report/exception-view/exception-view.ftl"
15:34:55,141 DEBUG freemarker.cache<strong>{1}</strong>:45 - Couldn't find template in cache for "dashboard-view/dashboard-view.ftl"("en", UTF-8, parsed); will try to load it.
15:34:55,142 DEBUG freemarker.cache<strong>{1}</strong>:45 - TemplateLoader.findTemplateSource("dashboard-view/dashboard-view_en.ftl"): Not found
15:34:55,142 DEBUG freemarker.cache<strong>{1}</strong>:45 - TemplateLoader.findTemplateSource("dashboard-view/dashboard-view.ftl"): Found
15:34:55,143 DEBUG freemarker.cache<strong>{1}</strong>:45 - Loading template for "dashboard-view/dashboard-view.ftl"("en", UTF-8, parsed) from "jar:file:/C:/Users/pranitha.aileni/.m2/repository/com/aventstack/extentreports/3.1.5/extentreports-3.1.5.jar!/com/aventstack/extentreports/view/html-report/dashboard-view/dashboard-view.ftl"
15:34:55,147 DEBUG freemarker.cache<strong>{1}</strong>:45 - Couldn't find template in cache for "logs-view/testrunner-logs-view.ftl"("en", UTF-8, parsed); will try to load it.
15:34:55,148 DEBUG freemarker.cache<strong>{1}</strong>:45 - TemplateLoader.findTemplateSource("logs-view/testrunner-logs-view_en.ftl"): Not found
15:34:55,148 DEBUG freemarker.cache<strong>{1}</strong>:45 - TemplateLoader.findTemplateSource("logs-view/testrunner-logs-view.ftl"): Found
15:34:55,148 DEBUG freemarker.cache<strong>{1}</strong>:45 - Loading template for "logs-view/testrunner-logs-view.ftl"("en", UTF-8, parsed) from "jar:file:/C:/Users/pranitha.aileni/.m2/repository/com/aventstack/extentreports/3.1.5/extentreports-3.1.5.jar!/com/aventstack/extentreports/view/html-report/logs-view/testrunner-logs-view.ftl"
15:34:55,175 DEBUG freemarker.cache<strong>{1}</strong>:45 - Couldn't find template in cache for "index.ftl"("en", UTF-8, parsed); will try to load it.
15:34:55,176 DEBUG freemarker.cache<strong>{1}</strong>:45 - TemplateLoader.findTemplateSource("index_en.ftl"): Not found
15:34:55,176 DEBUG freemarker.cache<strong>{1}</strong>:45 - TemplateLoader.findTemplateSource("index.ftl"): Found
15:34:55,177 DEBUG freemarker.cache<strong>{1}</strong>:45 - Loading template for "index.ftl"("en", UTF-8, parsed) from "jar:file:/C:/Users/pranitha.aileni/.m2/repository/com/aventstack/extentreports/3.1.5/extentreports-3.1.5.jar!/com/aventstack/extentreports/view/html-report/index.ftl"
15:34:55,185 DEBUG freemarker.cache<strong>{1}</strong>:45 - Couldn't find template in cache for "head.ftl"("en", UTF-8, parsed); will try to load it.
15:34:55,185 DEBUG freemarker.cache<strong>{1}</strong>:45 - TemplateLoader.findTemplateSource("head_en.ftl"): Not found
15:34:55,185 DEBUG freemarker.cache<strong>{1}</strong>:45 - TemplateLoader.findTemplateSource("head.ftl"): Found
15:34:55,186 DEBUG freemarker.cache<strong>{1}</strong>:45 - Loading template for "head.ftl"("en", UTF-8, parsed) from "jar:file:/C:/Users/pranitha.aileni/.m2/repository/com/aventstack/extentreports/3.1.5/extentreports-3.1.5.jar!/com/aventstack/extentreports/view/html-report/head.ftl"
15:34:55,188 DEBUG freemarker.cache<strong>{1}</strong>:45 - Couldn't find template in cache for "nav.ftl"("en", UTF-8, parsed); will try to load it.
15:34:55,188 DEBUG freemarker.cache<strong>{1}</strong>:45 - TemplateLoader.findTemplateSource("nav_en.ftl"): Not found
15:34:55,189 DEBUG freemarker.cache<strong>{1}</strong>:45 - TemplateLoader.findTemplateSource("nav.ftl"): Found
15:34:55,189 DEBUG freemarker.cache<strong>{1}</strong>:45 - Loading template for "nav.ftl"("en", UTF-8, parsed) from "jar:file:/C:/Users/pranitha.aileni/.m2/repository/com/aventstack/extentreports/3.1.5/extentreports-3.1.5.jar!/com/aventstack/extentreports/view/html-report/nav.ftl"
15:34:55,191 DEBUG freemarker.cache<strong>{1}</strong>:45 - Couldn't find template in cache for "test-view/test-view.ftl"("en", UTF-8, parsed); will try to load it.
15:34:55,192 DEBUG freemarker.cache<strong>{1}</strong>:45 - TemplateLoader.findTemplateSource("test-view/test-view_en.ftl"): Not found
15:34:55,192 DEBUG freemarker.cache<strong>{1}</strong>:45 - TemplateLoader.findTemplateSource("test-view/test-view.ftl"): Found
15:34:55,192 DEBUG freemarker.cache<strong>{1}</strong>:45 - Loading template for "test-view/test-view.ftl"("en", UTF-8, parsed) from "jar:file:/C:/Users/pranitha.aileni/.m2/repository/com/aventstack/extentreports/3.1.5/extentreports-3.1.5.jar!/com/aventstack/extentreports/view/html-report/test-view/test-view.ftl"
15:34:55,199 DEBUG freemarker.cache<strong>{1}</strong>:45 - Couldn't find template in cache for "test-view/standard.ftl"("en", UTF-8, parsed); will try to load it.
15:34:55,200 DEBUG freemarker.cache<strong>{1}</strong>:45 - TemplateLoader.findTemplateSource("test-view/standard_en.ftl"): Not found
15:34:55,200 DEBUG freemarker.cache<strong>{1}</strong>:45 - TemplateLoader.findTemplateSource("test-view/standard.ftl"): Found
15:34:55,201 DEBUG freemarker.cache<strong>{1}</strong>:45 - Loading template for "test-view/standard.ftl"("en", UTF-8, parsed) from "jar:file:/C:/Users/pranitha.aileni/.m2/repository/com/aventstack/extentreports/3.1.5/extentreports-3.1.5.jar!/com/aventstack/extentreports/view/html-report/test-view/standard.ftl"
15:34:55,212 DEBUG freemarker.cache<strong>{1}</strong>:45 - "test-view/standard.ftl"("en", UTF-8, parsed) cached copy not yet stale; using cached.
15:34:55,214 DEBUG freemarker.cache<strong>{1}</strong>:45 - "test-view/standard.ftl"("en", UTF-8, parsed) cached copy not yet stale; using cached.
15:34:55,215 DEBUG freemarker.cache<strong>{1}</strong>:45 - "test-view/standard.ftl"("en", UTF-8, parsed) cached copy not yet stale; using cached.
15:34:55,216 DEBUG freemarker.cache<strong>{1}</strong>:45 - Couldn't find template in cache for "test-view/test-view-charts.ftl"("en", UTF-8, parsed); will try to load it.
15:34:55,216 DEBUG freemarker.cache<strong>{1}</strong>:45 - TemplateLoader.findTemplateSource("test-view/test-view-charts_en.ftl"): Not found
15:34:55,217 DEBUG freemarker.cache<strong>{1}</strong>:45 - TemplateLoader.findTemplateSource("test-view/test-view-charts.ftl"): Found
15:34:55,217 DEBUG freemarker.cache<strong>{1}</strong>:45 - Loading template for "test-view/test-view-charts.ftl"("en", UTF-8, parsed) from "jar:file:/C:/Users/pranitha.aileni/.m2/repository/com/aventstack/extentreports/3.1.5/extentreports-3.1.5.jar!/com/aventstack/extentreports/view/html-report/test-view/test-view-charts.ftl"
15:34:55,234 DEBUG freemarker.cache<strong>{1}</strong>:45 - Couldn't find template in cache for "category-view/category-view.ftl"("en", UTF-8, parsed); will try to load it.
15:34:55,234 DEBUG freemarker.cache<strong>{1}</strong>:45 - TemplateLoader.findTemplateSource("category-view/category-view_en.ftl"): Not found
15:34:55,235 DEBUG freemarker.cache<strong>{1}</strong>:45 - TemplateLoader.findTemplateSource("category-view/category-view.ftl"): Found
15:34:55,235 DEBUG freemarker.cache<strong>{1}</strong>:45 - Loading template for "category-view/category-view.ftl"("en", UTF-8, parsed) from "jar:file:/C:/Users/pranitha.aileni/.m2/repository/com/aventstack/extentreports/3.1.5/extentreports-3.1.5.jar!/com/aventstack/extentreports/view/html-report/category-view/category-view.ftl"
15:34:55,237 DEBUG freemarker.cache<strong>{1}</strong>:45 - Couldn't find template in cache for "author-view/author-view.ftl"("en", UTF-8, parsed); will try to load it.
15:34:55,238 DEBUG freemarker.cache<strong>{1}</strong>:45 - TemplateLoader.findTemplateSource("author-view/author-view_en.ftl"): Not found
15:34:55,238 DEBUG freemarker.cache<strong>{1}</strong>:45 - TemplateLoader.findTemplateSource("author-view/author-view.ftl"): Found
15:34:55,239 DEBUG freemarker.cache<strong>{1}</strong>:45 - Loading template for "author-view/author-view.ftl"("en", UTF-8, parsed) from "jar:file:/C:/Users/pranitha.aileni/.m2/repository/com/aventstack/extentreports/3.1.5/extentreports-3.1.5.jar!/com/aventstack/extentreports/view/html-report/author-view/author-view.ftl"
15:34:55,243 DEBUG freemarker.cache<strong>{1}</strong>:45 - Couldn't find template in cache for "exception-view/exception-view.ftl"("en", UTF-8, parsed); will try to load it.
15:34:55,243 DEBUG freemarker.cache<strong>{1}</strong>:45 - TemplateLoader.findTemplateSource("exception-view/exception-view_en.ftl"): Not found
15:34:55,244 DEBUG freemarker.cache<strong>{1}</strong>:45 - TemplateLoader.findTemplateSource("exception-view/exception-view.ftl"): Found
15:34:55,244 DEBUG freemarker.cache<strong>{1}</strong>:45 - Loading template for "exception-view/exception-view.ftl"("en", UTF-8, parsed) from "jar:file:/C:/Users/pranitha.aileni/.m2/repository/com/aventstack/extentreports/3.1.5/extentreports-3.1.5.jar!/com/aventstack/extentreports/view/html-report/exception-view/exception-view.ftl"
15:34:55,247 DEBUG freemarker.cache<strong>{1}</strong>:45 - Couldn't find template in cache for "dashboard-view/dashboard-view.ftl"("en", UTF-8, parsed); will try to load it.
15:34:55,248 DEBUG freemarker.cache<strong>{1}</strong>:45 - TemplateLoader.findTemplateSource("dashboard-view/dashboard-view_en.ftl"): Not found
15:34:55,248 DEBUG freemarker.cache<strong>{1}</strong>:45 - TemplateLoader.findTemplateSource("dashboard-view/dashboard-view.ftl"): Found
15:34:55,248 DEBUG freemarker.cache<strong>{1}</strong>:45 - Loading template for "dashboard-view/dashboard-view.ftl"("en", UTF-8, parsed) from "jar:file:/C:/Users/pranitha.aileni/.m2/repository/com/aventstack/extentreports/3.1.5/extentreports-3.1.5.jar!/com/aventstack/extentreports/view/html-report/dashboard-view/dashboard-view.ftl"
15:34:55,252 DEBUG freemarker.cache<strong>{1}</strong>:45 - Couldn't find template in cache for "logs-view/testrunner-logs-view.ftl"("en", UTF-8, parsed); will try to load it.
15:34:55,253 DEBUG freemarker.cache<strong>{1}</strong>:45 - TemplateLoader.findTemplateSource("logs-view/testrunner-logs-view_en.ftl"): Not found
15:34:55,253 DEBUG freemarker.cache<strong>{1}</strong>:45 - TemplateLoader.findTemplateSource("logs-view/testrunner-logs-view.ftl"): Found
15:34:55,254 DEBUG freemarker.cache<strong>{1}</strong>:45 - Loading template for "logs-view/testrunner-logs-view.ftl"("en", UTF-8, parsed) from "jar:file:/C:/Users/pranitha.aileni/.m2/repository/com/aventstack/extentreports/3.1.5/extentreports-3.1.5.jar!/com/aventstack/extentreports/view/html-report/logs-view/testrunner-logs-view.ftl"
